*ERROR* 	v8.1.7	2025/01/29 - 09:27:42: SQLSTATE[42000]: Syntax error or access violation: 1142 SELECT command denied to user &#039;automotoboutic_ps8&#039;@&#039;localhost&#039; for table &#039;ps_carmatselector_product&#039; at line 153 in file classes/db/DbPDO.php
*ERROR* 	v8.1.7	2025/01/29 - 09:28:07: SQLSTATE[42000]: Syntax error or access violation: 1142 SELECT command denied to user &#039;automotoboutic_ps8&#039;@&#039;localhost&#039; for table &#039;ps_carmatselector_product&#039; at line 153 in file classes/db/DbPDO.php
*ERROR* 	v8.1.7	2025/01/29 - 09:29:18: SQLSTATE[42000]: Syntax error or access violation: 1142 SELECT command denied to user &#039;automotoboutic_ps8&#039;@&#039;localhost&#039; for table &#039;ps_carmatselector_product&#039; at line 153 in file classes/db/DbPDO.php
*ERROR* 	v8.1.7	2025/01/29 - 10:33:28: SQLSTATE[42000]: Syntax error or access violation: 1064 You have an error in your SQL syntax; check the manual that corresponds to your MySQL server version for the right syntax to use near &#039;AS cp
            LEFT JOIN `ps_`product_lang AS pl ON pl.id_product = cp.id_pr&#039; at line 1 at line 153 in file classes/db/DbPDO.php
*ERROR* 	v8.1.7	2025/01/29 - 10:34:01: SQLSTATE[42000]: Syntax error or access violation: 1064 You have an error in your SQL syntax; check the manual that corresponds to your MySQL server version for the right syntax to use near &#039;AS cp
            LEFT JOIN `ps_`product_lang AS pl ON pl.id_product = cp.id_pr&#039; at line 1 at line 153 in file classes/db/DbPDO.php
*ERROR* 	v8.1.7	2025/01/29 - 10:34:15: SQLSTATE[42000]: Syntax error or access violation: 1064 You have an error in your SQL syntax; check the manual that corresponds to your MySQL server version for the right syntax to use near &#039;AS cp
            LEFT JOIN `ps_`product_lang AS pl ON pl.id_product = cp.id_pr&#039; at line 1 at line 153 in file classes/db/DbPDO.php
*ERROR* 	v8.1.7	2025/01/29 - 10:35:10: SQLSTATE[42S22]: Column not found: 1054 Unknown column &#039;cp.id_carmatselector_brand&#039; in &#039;where clause&#039; at line 153 in file classes/db/DbPDO.php
*ERROR* 	v8.1.7	2025/01/29 - 10:35:24: SQLSTATE[42S22]: Column not found: 1054 Unknown column &#039;cp.id_carmatselector_brand&#039; in &#039;where clause&#039; at line 153 in file classes/db/DbPDO.php
*ERROR* 	v8.1.7	2025/01/29 - 10:35:39: SQLSTATE[42S22]: Column not found: 1054 Unknown column &#039;cp.id_carmatselector_brand&#039; in &#039;where clause&#039; at line 153 in file classes/db/DbPDO.php
*ERROR* 	v8.1.7	2025/01/29 - 10:38:27: SQLSTATE[42000]: Syntax error or access violation: 1064 You have an error in your SQL syntax; check the manual that corresponds to your MySQL server version for the right syntax to use near &#039;AND cfb.id_brand = 1071&#039; at line 3 at line 153 in file classes/db/DbPDO.php
*ERROR* 	v8.1.7	2025/01/29 - 10:38:28: SQLSTATE[42000]: Syntax error or access violation: 1064 You have an error in your SQL syntax; check the manual that corresponds to your MySQL server version for the right syntax to use near &#039;AND cfb.id_brand = 1073&#039; at line 3 at line 153 in file classes/db/DbPDO.php
*ERROR* 	v8.1.7	2025/01/29 - 10:38:30: SQLSTATE[42000]: Syntax error or access violation: 1064 You have an error in your SQL syntax; check the manual that corresponds to your MySQL server version for the right syntax to use near &#039;AND cfb.id_brand = 1073&#039; at line 3 at line 153 in file classes/db/DbPDO.php
*ERROR* 	v8.1.7	2025/01/29 - 10:38:32: SQLSTATE[42000]: Syntax error or access violation: 1064 You have an error in your SQL syntax; check the manual that corresponds to your MySQL server version for the right syntax to use near &#039;AND cfb.id_brand = 1073&#039; at line 3 at line 153 in file classes/db/DbPDO.php
*ERROR* 	v8.1.7	2025/01/29 - 10:38:33: SQLSTATE[42000]: Syntax error or access violation: 1064 You have an error in your SQL syntax; check the manual that corresponds to your MySQL server version for the right syntax to use near &#039;AND cfb.id_brand = 1073&#039; at line 3 at line 153 in file classes/db/DbPDO.php
*ERROR* 	v8.1.7	2025/01/29 - 10:38:35: SQLSTATE[42000]: Syntax error or access violation: 1064 You have an error in your SQL syntax; check the manual that corresponds to your MySQL server version for the right syntax to use near &#039;AND cfb.id_brand = 1073&#039; at line 3 at line 153 in file classes/db/DbPDO.php
*ERROR* 	v8.1.7	2025/01/29 - 10:38:36: SQLSTATE[42000]: Syntax error or access violation: 1064 You have an error in your SQL syntax; check the manual that corresponds to your MySQL server version for the right syntax to use near &#039;AND cfb.id_brand = 1073&#039; at line 3 at line 153 in file classes/db/DbPDO.php
*ERROR* 	v8.1.7	2025/01/29 - 10:38:38: SQLSTATE[42000]: Syntax error or access violation: 1064 You have an error in your SQL syntax; check the manual that corresponds to your MySQL server version for the right syntax to use near &#039;AND cfb.id_brand = 1073&#039; at line 3 at line 153 in file classes/db/DbPDO.php
*ERROR* 	v8.1.7	2025/01/29 - 10:38:40: SQLSTATE[42000]: Syntax error or access violation: 1064 You have an error in your SQL syntax; check the manual that corresponds to your MySQL server version for the right syntax to use near &#039;AND cfb.id_brand = 1073&#039; at line 3 at line 153 in file classes/db/DbPDO.php
*ERROR* 	v8.1.7	2025/01/29 - 10:38:41: SQLSTATE[42000]: Syntax error or access violation: 1064 You have an error in your SQL syntax; check the manual that corresponds to your MySQL server version for the right syntax to use near &#039;AND cfb.id_brand = 1076&#039; at line 3 at line 153 in file classes/db/DbPDO.php
*ERROR* 	v8.1.7	2025/01/29 - 10:38:43: SQLSTATE[42000]: Syntax error or access violation: 1064 You have an error in your SQL syntax; check the manual that corresponds to your MySQL server version for the right syntax to use near &#039;AND cfb.id_brand = 1076&#039; at line 3 at line 153 in file classes/db/DbPDO.php
*ERROR* 	v8.1.7	2025/01/29 - 10:38:45: SQLSTATE[42000]: Syntax error or access violation: 1064 You have an error in your SQL syntax; check the manual that corresponds to your MySQL server version for the right syntax to use near &#039;AND cfb.id_brand = 1082&#039; at line 3 at line 153 in file classes/db/DbPDO.php
*ERROR* 	v8.1.7	2025/01/29 - 10:38:46: SQLSTATE[42000]: Syntax error or access violation: 1064 You have an error in your SQL syntax; check the manual that corresponds to your MySQL server version for the right syntax to use near &#039;AND cfb.id_brand = 1085&#039; at line 3 at line 153 in file classes/db/DbPDO.php
*ERROR* 	v8.1.7	2025/01/29 - 10:38:48: SQLSTATE[42000]: Syntax error or access violation: 1064 You have an error in your SQL syntax; check the manual that corresponds to your MySQL server version for the right syntax to use near &#039;AND cfb.id_brand = 1085&#039; at line 3 at line 153 in file classes/db/DbPDO.php
*ERROR* 	v8.1.7	2025/01/29 - 10:38:50: SQLSTATE[42000]: Syntax error or access violation: 1064 You have an error in your SQL syntax; check the manual that corresponds to your MySQL server version for the right syntax to use near &#039;AND cfb.id_brand = 1085&#039; at line 3 at line 153 in file classes/db/DbPDO.php
*ERROR* 	v8.1.7	2025/01/29 - 10:38:51: SQLSTATE[42000]: Syntax error or access violation: 1064 You have an error in your SQL syntax; check the manual that corresponds to your MySQL server version for the right syntax to use near &#039;AND cfb.id_brand = 1095&#039; at line 3 at line 153 in file classes/db/DbPDO.php
*ERROR* 	v8.1.7	2025/01/29 - 15:31:26: SQLSTATE[42000]: Syntax error or access violation: 1064 You have an error in your SQL syntax; check the manual that corresponds to your MySQL server version for the right syntax to use near &#039;&#039; at line 4 at line 153 in file classes/db/DbPDO.php
*ERROR* 	v8.1.7	2025/01/29 - 16:07:30: SQLSTATE[42000]: Syntax error or access violation: 1064 You have an error in your SQL syntax; check the manual that corresponds to your MySQL server version for the right syntax to use near &#039;AND cfb.id_brand = 232483&#039; at line 3 at line 153 in file classes/db/DbPDO.php
*ERROR* 	v8.1.7	2025/01/29 - 18:56:35: SQLSTATE[42000]: Syntax error or access violation: 1064 You have an error in your SQL syntax; check the manual that corresponds to your MySQL server version for the right syntax to use near &#039;&#039; at line 4 at line 153 in file classes/db/DbPDO.php
*ERROR* 	v8.1.7	2025/01/29 - 18:56:35: SQLSTATE[42000]: Syntax error or access violation: 1064 You have an error in your SQL syntax; check the manual that corresponds to your MySQL server version for the right syntax to use near &#039;&#039; at line 4 at line 153 in file classes/db/DbPDO.php
*ERROR* 	v8.1.7	2025/01/29 - 19:25:08: SQLSTATE[42000]: Syntax error or access violation: 1064 You have an error in your SQL syntax; check the manual that corresponds to your MySQL server version for the right syntax to use near &#039;&#039; at line 4 at line 153 in file classes/db/DbPDO.php
*ERROR* 	v8.1.7	2025/01/29 - 19:25:09: SQLSTATE[42000]: Syntax error or access violation: 1064 You have an error in your SQL syntax; check the manual that corresponds to your MySQL server version for the right syntax to use near &#039;&#039; at line 4 at line 153 in file classes/db/DbPDO.php
*ERROR* 	v8.1.7	2025/01/29 - 19:25:09: SQLSTATE[42000]: Syntax error or access violation: 1064 You have an error in your SQL syntax; check the manual that corresponds to your MySQL server version for the right syntax to use near &#039;&#039; at line 4 at line 153 in file classes/db/DbPDO.php
*ERROR* 	v8.1.7	2025/01/29 - 19:32:12: SQLSTATE[42000]: Syntax error or access violation: 1064 You have an error in your SQL syntax; check the manual that corresponds to your MySQL server version for the right syntax to use near &#039;&#039; at line 4 at line 153 in file classes/db/DbPDO.php
*ERROR* 	v8.1.7	2025/01/29 - 20:53:40: SQLSTATE[42000]: Syntax error or access violation: 1064 You have an error in your SQL syntax; check the manual that corresponds to your MySQL server version for the right syntax to use near &#039;&#039; at line 4 at line 153 in file classes/db/DbPDO.php
*ERROR* 	v8.1.7	2025/01/29 - 20:53:41: SQLSTATE[42000]: Syntax error or access violation: 1064 You have an error in your SQL syntax; check the manual that corresponds to your MySQL server version for the right syntax to use near &#039;&#039; at line 4 at line 153 in file classes/db/DbPDO.php
*ERROR* 	v8.1.7	2025/01/29 - 20:53:41: SQLSTATE[42000]: Syntax error or access violation: 1064 You have an error in your SQL syntax; check the manual that corresponds to your MySQL server version for the right syntax to use near &#039;&#039; at line 4 at line 153 in file classes/db/DbPDO.php
*ERROR* 	v8.1.7	2025/01/29 - 21:58:16: SQLSTATE[42000]: Syntax error or access violation: 1064 You have an error in your SQL syntax; check the manual that corresponds to your MySQL server version for the right syntax to use near &#039;AND cfb.id_brand = 1105&#039; at line 3 at line 153 in file classes/db/DbPDO.php
*ERROR* 	v8.1.7	2025/01/29 - 21:58:22: SQLSTATE[42000]: Syntax error or access violation: 1064 You have an error in your SQL syntax; check the manual that corresponds to your MySQL server version for the right syntax to use near &#039;AND cfb.id_brand = 1105&#039; at line 3 at line 153 in file classes/db/DbPDO.php
*ERROR* 	v8.1.7	2025/01/29 - 21:58:37: SQLSTATE[42000]: Syntax error or access violation: 1064 You have an error in your SQL syntax; check the manual that corresponds to your MySQL server version for the right syntax to use near &#039;AND cfb.id_brand = 243955&#039; at line 3 at line 153 in file classes/db/DbPDO.php
